app/build/outputs/logs/manifest-merger-debug-report.txt
-- Merging decision tree log ---
manifest
ADDED from src/main/AndroidManifest.xml:20:1-72:12
	package
		ADDED from src/main/AndroidManifest.xml:21:5-32
		INJECTED from src/main/AndroidManifest.xml
		INJECTED from src/main/AndroidManifest.xml
	android:versionName
		ADDED from src/main/AndroidManifest.xml:21:33-58
	android:versionCode
		ADDED from src/main/AndroidManifest.xml:21:59-84
		INJECTED from src/main/AndroidManifest.xml
		INJECTED from src/main/AndroidManifest.xml
	xmlns:android
		ADDED from src/main/AndroidManifest.xml:20:11-69
uses-permission#android.permission.VIBRATE
ADDED from src/main/AndroidManifest.xml:24:2-63
	android:name
		ADDED from src/main/AndroidManifest.xml:24:19-60
application
ADDED from src/main/AndroidManifest.xml:26:5-70:16
	android:label
		ADDED from src/main/AndroidManifest.xml:26:55-87
	android:icon
		ADDED from src/main/AndroidManifest.xml:26:18-54
activity#com.alfray.asqare.LoginActivity
ADDED from src/main/AndroidManifest.xml:28:9-33:20
	android:label
		ADDED from src/main/AndroidManifest.xml:28:48-80
	android:name
		ADDED from src/main/AndroidManifest.xml:28:19-47
intent-filter#android.intent.action.MAIN+android.intent.category.LAUNCHER
ADDED from src/main/AndroidManifest.xml:29:13-32:29
action#android.intent.action.MAIN
ADDED from src/main/AndroidManifest.xml:30:17-69
	android:name
		ADDED from src/main/AndroidManifest.xml:30:25-66
category#android.intent.category.LAUNCHER
ADDED from src/main/AndroidManifest.xml:31:17-77
	android:name
		ADDED from src/main/AndroidManifest.xml:31:27-74
activity#com.alfray.asqare.gamelist.GameListActivity
ADDED from src/main/AndroidManifest.xml:35:9-40:20
	android:name
		ADDED from src/main/AndroidManifest.xml:35:19-60
activity#com.alfray.asqare.gameplay.GameplayActivity
ADDED from src/main/AndroidManifest.xml:42:9-54:21
	android:name
		ADDED from src/main/AndroidManifest.xml:42:19-60
intent-filter#android.intent.action.INSERT+android.intent.category.DEFAULT
ADDED from src/main/AndroidManifest.xml:43:4-47:20
action#android.intent.action.INSERT
ADDED from src/main/AndroidManifest.xml:44:9-63
	android:name
		ADDED from src/main/AndroidManifest.xml:44:17-60
category#android.intent.category.DEFAULT
ADDED from src/main/AndroidManifest.xml:45:9-68
	android:name
		ADDED from src/main/AndroidManifest.xml:45:19-65
data
ADDED from src/main/AndroidManifest.xml:46:9-82
	android:mimeType
		ADDED from src/main/AndroidManifest.xml:46:15-79
intent-filter#android.intent.action.EDIT+android.intent.category.DEFAULT
ADDED from src/main/AndroidManifest.xml:49:13-53:29
action#android.intent.action.EDIT
ADDED from src/main/AndroidManifest.xml:50:18-70
	android:name
		ADDED from src/main/AndroidManifest.xml:50:26-67
activity#com.alfray.asqare.prefs.PrefsActivity
ADDED from src/main/AndroidManifest.xml:56:6-57:17
	android:name
		ADDED from src/main/AndroidManifest.xml:56:16-51
activity#com.alfray.asqare.AboutActivity
ADDED from src/main/AndroidManifest.xml:59:3-60:14
	android:name
		ADDED from src/main/AndroidManifest.xml:59:13-41
provider#com.alfray.asqare.gamelist.GameListProvider
ADDED from src/main/AndroidManifest.xml:65:6-68:11
	android:authorities
		ADDED from src/main/AndroidManifest.xml:66:10-58
	android:name
		ADDED from src/main/AndroidManifest.xml:67:10-51
uses-sdk
ADDED from src/main/AndroidManifest.xml:71:1-49
MERGED from [202-Game:keyboardWidgetTutorial:unspecified] AndroidManifest.xml:7:5-9:41
	android:targetSdkVersion
		INJECTED from src/main/AndroidManifest.xml
		INJECTED from src/main/AndroidManifest.xml
	android:minSdkVersion
		ADDED from src/main/AndroidManifest.xml:71:11-37
		INJECTED from src/main/AndroidManifest.xml
		INJECTED from src/main/AndroidManifest.xml